<?xml version="1.0" encoding="UTF-8"?>
<testsuite xmlns:xsi="http://www.w3.org/2001/XMLSchema-instance" xsi:noNamespaceSchemaLocation="https://maven.apache.org/surefire/maven-surefire-plugin/xsd/surefire-test-report-3.0.xsd" version="3.0" name="com.kgisl.selenium1.TestSuite" time="0.049" tests="4" errors="0" skipped="0" failures="0">
  <properties>
[...]
</properties>
  <testcase name="method1" classname="com.kgisl.selenium1.Junit1Test" time="0.004"/>
  <testcase name="method2" classname="com.kgisl.selenium1.Junit1Test" time="0.001"/>
  <testcase name="method1" classname="com.kgisl.selenium1.JunitTest" time="0.001"/>
  <testcase name="method2" classname="com.kgisl.selenium1.JunitTest" time="0"/>
</testsuite>